<?xml version="1.0" encoding="UTF-8"?>
<!-- Generated by org.testng.reporters.JUnitReportReporter -->
<testsuite hostname="DESKTOP-BA6DBII" failures="0" tests="1" name="DiwaliPageTest" time="11.743" errors="0" timestamp="2023-12-27T13:43:59 IST" skipped="0">
  <testcase classname="DiwaliPageTest" name="diwaliUI" time="11.743"/>
  <system-out/>
</testsuite> <!-- DiwaliPageTest -->
