<?xml version="1.0" encoding="UTF-8"?>
<!-- Generated by org.testng.reporters.JUnitReportReporter -->
<testsuite hostname="DESKTOP-BA6DBII" failures="0" tests="1" name="HomePageTest" time="10.644" errors="0" timestamp="2023-12-27T13:43:59 IST" skipped="0">
  <testcase classname="HomePageTest" name="homePageUi" time="10.644"/>
  <system-out/>
</testsuite> <!-- HomePageTest -->
